# JRE version: Java(TM) SE Runtime Environment (21.0.7+8) (build 21.0.7+8-LTS-245)
# Java VM: Java HotSpot(TM) 64-Bit Server VM (21.0.7+8-LTS-245, mixed mode, sharing, tiered, compressed oops, compressed class ptrs, g1 gc, windows-amd64)
GC Precious Log:
 CardTable entry size: 512
 Card Set container configuration: InlinePtr #cards 5 size 8 Array Of Cards #cards 12 size 40 Howl #buckets 4 coarsen threshold 1843 Howl Bitmap #cards 512 size 80 coarsen threshold 460 Card regions per heap region 1 cards per card region 2048
 CPUs: 12 total, 12 available
 Memory: 7521M
 Large Page Support: Disabled
 NUMA Support: Disabled
 Compressed Oops: Enabled (32-bit)
 Heap Region Size: 1M
 Heap Min Capacity: 8M
 Heap Initial Capacity: 118M
 Heap Max Capacity: 1882M
 Pre-touch: Disabled
 Parallel Workers: 10
 Concurrent Workers: 3
 Concurrent Refinement Workers: 10
 Periodic GC: Disabled
Heap:
 garbage-first heap   total 82944K, used 59248K [0x000000008a600000, 0x0000000100000000)
  region size 1024K, 34 young (34816K), 6 survivors (6144K)
 Metaspace       used 57652K, committed 58432K, reserved 1114112K
  class space    used 7380K, committed 7744K, reserved 1048576K
GC Heap History (18 events):
Event: 0.413 GC heap before
{Heap before GC invocations=0 (full 0):
 garbage-first heap   total 120832K, used 25600K [0x000000008a600000, 0x0000000100000000)
  region size 1024K, 23 young (23552K), 0 survivors (0K)
 Metaspace       used 4053K, committed 4288K, reserved 1114112K
  class space    used 424K, committed 512K, reserved 1048576K
}
Event: 0.419 GC heap after
{Heap after GC invocations=1 (full 0):
 garbage-first heap   total 120832K, used 9856K [0x000000008a600000, 0x0000000100000000)
  region size 1024K, 3 young (3072K), 3 survivors (3072K)
 Metaspace       used 4053K, committed 4288K, reserved 1114112K
  class space    used 424K, committed 512K, reserved 1048576K
}
Event: 0.804 GC heap before
{Heap before GC invocations=1 (full 0):
 garbage-first heap   total 120832K, used 39552K [0x000000008a600000, 0x0000000100000000)
  region size 1024K, 29 young (29696K), 3 survivors (3072K)
 Metaspace       used 10015K, committed 10304K, reserved 1114112K
  class space    used 1152K, committed 1280K, reserved 1048576K
}
Event: 0.811 GC heap after
{Heap after GC invocations=2 (full 0):
 garbage-first heap   total 120832K, used 15360K [0x000000008a600000, 0x0000000100000000)
  region size 1024K, 4 young (4096K), 4 survivors (4096K)
 Metaspace       used 10015K, committed 10304K, reserved 1114112K
  class space    used 1152K, committed 1280K, reserved 1048576K
}
Event: 1.200 GC heap before
{Heap before GC invocations=2 (full 0):
 garbage-first heap   total 120832K, used 50176K [0x000000008a600000, 0x0000000100000000)
  region size 1024K, 39 young (39936K), 4 survivors (4096K)
 Metaspace       used 19357K, committed 19776K, reserved 1114112K
  class space    used 2358K, committed 2560K, reserved 1048576K
}
Event: 1.207 GC heap after
{Heap after GC invocations=3 (full 0):
 garbage-first heap   total 120832K, used 19459K [0x000000008a600000, 0x0000000100000000)
  region size 1024K, 4 young (4096K), 4 survivors (4096K)
 Metaspace       used 19357K, committed 19776K, reserved 1114112K
  class space    used 2358K, committed 2560K, reserved 1048576K
}
Event: 1.291 GC heap before
{Heap before GC invocations=3 (full 0):
 garbage-first heap   total 120832K, used 30723K [0x000000008a600000, 0x0000000100000000)
  region size 1024K, 16 young (16384K), 4 survivors (4096K)
 Metaspace       used 21126K, committed 21504K, reserved 1114112K
  class space    used 2512K, committed 2688K, reserved 1048576K
}
Event: 1.294 GC heap after
{Heap after GC invocations=4 (full 0):
 garbage-first heap   total 120832K, used 19750K [0x000000008a600000, 0x0000000100000000)
  region size 1024K, 4 young (4096K), 4 survivors (4096K)
 Metaspace       used 21126K, committed 21504K, reserved 1114112K
  class space    used 2512K, committed 2688K, reserved 1048576K
}
Event: 1.642 GC heap before
{Heap before GC invocations=5 (full 0):
 garbage-first heap   total 68608K, used 53542K [0x000000008a600000, 0x0000000100000000)
  region size 1024K, 40 young (40960K), 4 survivors (4096K)
 Metaspace       used 25434K, committed 25856K, reserved 1114112K
  class space    used 3009K, committed 3200K, reserved 1048576K
}
Event: 1.648 GC heap after
{Heap after GC invocations=6 (full 0):
 garbage-first heap   total 82944K, used 19901K [0x000000008a600000, 0x0000000100000000)
  region size 1024K, 3 young (3072K), 3 survivors (3072K)
 Metaspace       used 25434K, committed 25856K, reserved 1114112K
  class space    used 3009K, committed 3200K, reserved 1048576K
}
Event: 2.375 GC heap before
{Heap before GC invocations=6 (full 0):
 garbage-first heap   total 82944K, used 64957K [0x000000008a600000, 0x0000000100000000)
  region size 1024K, 47 young (48128K), 3 survivors (3072K)
 Metaspace       used 33554K, committed 34048K, reserved 1114112K
  class space    used 4201K, committed 4416K, reserved 1048576K
}
Event: 2.382 GC heap after
{Heap after GC invocations=7 (full 0):
 garbage-first heap   total 82944K, used 23213K [0x000000008a600000, 0x0000000100000000)
  region size 1024K, 6 young (6144K), 6 survivors (6144K)
 Metaspace       used 33554K, committed 34048K, reserved 1114112K
  class space    used 4201K, committed 4416K, reserved 1048576K
}
Event: 2.522 GC heap before
{Heap before GC invocations=7 (full 0):
 garbage-first heap   total 82944K, used 32429K [0x000000008a600000, 0x0000000100000000)
  region size 1024K, 15 young (15360K), 6 survivors (6144K)
 Metaspace       used 35523K, committed 36096K, reserved 1114112K
  class space    used 4392K, committed 4672K, reserved 1048576K
}
Event: 2.528 GC heap after
{Heap after GC invocations=8 (full 0):
 garbage-first heap   total 82944K, used 24169K [0x000000008a600000, 0x0000000100000000)
  region size 1024K, 1 young (1024K), 1 survivors (1024K)
 Metaspace       used 35523K, committed 36096K, reserved 1114112K
  class space    used 4392K, committed 4672K, reserved 1048576K
}
Event: 3.220 GC heap before
{Heap before GC invocations=9 (full 0):
 garbage-first heap   total 82944K, used 67177K [0x000000008a600000, 0x0000000100000000)
  region size 1024K, 43 young (44032K), 1 survivors (1024K)
 Metaspace       used 45892K, committed 46464K, reserved 1114112K
  class space    used 5826K, committed 6080K, reserved 1048576K
}
Event: 3.224 GC heap after
{Heap after GC invocations=10 (full 0):
 garbage-first heap   total 82944K, used 28051K [0x000000008a600000, 0x0000000100000000)
  region size 1024K, 5 young (5120K), 5 survivors (5120K)
 Metaspace       used 45892K, committed 46464K, reserved 1114112K
  class space    used 5826K, committed 6080K, reserved 1048576K
}
Event: 3.820 GC heap before
{Heap before GC invocations=10 (full 0):
 garbage-first heap   total 82944K, used 67987K [0x000000008a600000, 0x0000000100000000)
  region size 1024K, 45 young (46080K), 5 survivors (5120K)
 Metaspace       used 52463K, committed 53184K, reserved 1114112K
  class space    used 6704K, committed 7040K, reserved 1048576K
}
Event: 3.828 GC heap after
{Heap after GC invocations=11 (full 0):
 garbage-first heap   total 82944K, used 32624K [0x000000008a600000, 0x0000000100000000)
  region size 1024K, 6 young (6144K), 6 survivors (6144K)
 Metaspace       used 52463K, committed 53184K, reserved 1114112K
  class space    used 6704K, committed 7040K, reserved 1048576K
}

